31.08.2020 1:32:26 [ERROR] Cannot deserialize value of type `int` from String "RU117": not a valid Integer value
 at [Source: (StringReader); line: 216, column: 28] (through reference chain: com.flippost.DAO.Samsung.NewDelivery.Models.SamsungNewDelivery["LocList"]->java.util.HashSet[1]->com.flippost.DAO.Samsung.NewDelivery.Models.SamsungLocItem["RoutingInformation"]->com.flippost.DAO.Samsung.NewDelivery.Models.SamsungRoutingInformation["RegionCode"])
Cannot deserialize value of type `int` from String "RU117": not a valid Integer value
 at [Source: (StringReader); line: 216, column: 28] (through reference chain: com.flippost.DAO.Samsung.NewDelivery.Models.SamsungNewDelivery["LocList"]->java.util.HashSet[1]->com.flippost.DAO.Samsung.NewDelivery.Models.SamsungLocItem["RoutingInformation"]->com.flippost.DAO.Samsung.NewDelivery.Models.SamsungRoutingInformation["RegionCode"])
StackTrace: 
com.fasterxml.jackson.databind.exc.InvalidFormatException.from(InvalidFormatException.java:67)
com.fasterxml.jackson.databind.DeserializationContext.weirdStringException(DeserializationContext.java:1549)
com.fasterxml.jackson.databind.DeserializationContext.handleWeirdStringValue(DeserializationContext.java:911)
com.fasterxml.jackson.databind.deser.std.NumberDeserializers$IntegerDeserializer._parseInteger(NumberDeserializers.java:522)
com.fasterxml.jackson.databind.deser.std.NumberDeserializers$IntegerDeserializer.deserialize(NumberDeserializers.java:474)
com.fasterxml.jackson.databind.deser.std.NumberDeserializers$IntegerDeserializer.deserialize(NumberDeserializers.java:452)
com.fasterxml.jackson.databind.deser.impl.FieldProperty.deserializeAndSet(FieldProperty.java:138)
com.fasterxml.jackson.databind.deser.BeanDeserializer.vanillaDeserialize(BeanDeserializer.java:288)
com.fasterxml.jackson.databind.deser.BeanDeserializer.deserialize(BeanDeserializer.java:151)
com.fasterxml.jackson.databind.deser.impl.MethodProperty.deserializeAndSet(MethodProperty.java:129)
com.fasterxml.jackson.databind.deser.BeanDeserializer.vanillaDeserialize(BeanDeserializer.java:288)
com.fasterxml.jackson.databind.deser.BeanDeserializer.deserialize(BeanDeserializer.java:151)
com.fasterxml.jackson.databind.deser.std.CollectionDeserializer.deserialize(CollectionDeserializer.java:286)
com.fasterxml.jackson.databind.deser.std.CollectionDeserializer.deserialize(CollectionDeserializer.java:245)
com.fasterxml.jackson.databind.deser.std.CollectionDeserializer.deserialize(CollectionDeserializer.java:27)
com.fasterxml.jackson.databind.deser.impl.FieldProperty.deserializeAndSet(FieldProperty.java:138)
com.fasterxml.jackson.databind.deser.BeanDeserializer.vanillaDeserialize(BeanDeserializer.java:288)
com.fasterxml.jackson.databind.deser.BeanDeserializer.deserialize(BeanDeserializer.java:151)
com.fasterxml.jackson.databind.ObjectMapper._readMapAndClose(ObjectMapper.java:4014)
com.fasterxml.jackson.databind.ObjectMapper.readValue(ObjectMapper.java:3005)
com.flippost.DAO.Samsung.NewDelivery.Models.SamsungNewDeliveryBase.xmlToModel(SamsungNewDeliveryBase.java:64)
com.flippost.Controllers.SamsungMapController.addNewDelivery(SamsungMapController.java:34)
java.base/jdk.internal.reflect.NativeMethodAccessorImpl.invoke0(Native Method)
java.base/jdk.internal.reflect.NativeMethodAccessorImpl.invoke(NativeMethodAccessorImpl.java:62)
java.base/jdk.internal.reflect.DelegatingMethodAccessorImpl.invoke(DelegatingMethodAccessorImpl.java:43)
java.base/java.lang.reflect.Method.invoke(Method.java:564)
org.springframework.web.method.support.InvocableHandlerMethod.doInvoke(InvocableHandlerMethod.java:190)
org.springframework.web.method.support.InvocableHandlerMethod.invokeForRequest(InvocableHandlerMethod.java:138)
org.springframework.web.servlet.mvc.method.annotation.ServletInvocableHandlerMethod.invokeAndHandle(ServletInvocableHandlerMethod.java:104)
org.springframework.web.servlet.mvc.method.annotation.RequestMappingHandlerAdapter.invokeHandlerMethod(RequestMappingHandlerAdapter.java:892)
org.springframework.web.servlet.mvc.method.annotation.RequestMappingHandlerAdapter.handleInternal(RequestMappingHandlerAdapter.java:797)
org.springframework.web.servlet.mvc.method.AbstractHandlerMethodAdapter.handle(AbstractHandlerMethodAdapter.java:87)
org.springframework.web.servlet.DispatcherServlet.doDispatch(DispatcherServlet.java:1039)
org.springframework.web.servlet.DispatcherServlet.doService(DispatcherServlet.java:942)
org.springframework.web.servlet.FrameworkServlet.processRequest(FrameworkServlet.java:1005)
org.springframework.web.servlet.FrameworkServlet.doPost(FrameworkServlet.java:908)
javax.servlet.http.HttpServlet.service(HttpServlet.java:660)
org.springframework.web.servlet.FrameworkServlet.service(FrameworkServlet.java:882)
javax.servlet.http.HttpServlet.service(HttpServlet.java:741)
org.apache.catalina.core.ApplicationFilterChain.internalDoFilter(ApplicationFilterChain.java:231)
org.apache.catalina.core.ApplicationFilterChain.doFilter(ApplicationFilterChain.java:166)
org.apache.tomcat.websocket.server.WsFilter.doFilter(WsFilter.java:53)
org.apache.catalina.core.ApplicationFilterChain.internalDoFilter(ApplicationFilterChain.java:193)
org.apache.catalina.core.ApplicationFilterChain.doFilter(ApplicationFilterChain.java:166)
org.springframework.web.filter.RequestContextFilter.doFilterInternal(RequestContextFilter.java:99)
org.springframework.web.filter.OncePerRequestFilter.doFilter(OncePerRequestFilter.java:118)
org.apache.catalina.core.ApplicationFilterChain.internalDoFilter(ApplicationFilterChain.java:193)
org.apache.catalina.core.ApplicationFilterChain.doFilter(ApplicationFilterChain.java:166)
org.springframework.web.filter.FormContentFilter.doFilterInternal(FormContentFilter.java:92)
org.springframework.web.filter.OncePerRequestFilter.doFilter(OncePerRequestFilter.java:118)
org.apache.catalina.core.ApplicationFilterChain.internalDoFilter(ApplicationFilterChain.java:193)
org.apache.catalina.core.ApplicationFilterChain.doFilter(ApplicationFilterChain.java:166)
org.springframework.web.filter.HiddenHttpMethodFilter.doFilterInternal(HiddenHttpMethodFilter.java:93)
org.springframework.web.filter.OncePerRequestFilter.doFilter(OncePerRequestFilter.java:118)
org.apache.catalina.core.ApplicationFilterChain.internalDoFilter(ApplicationFilterChain.java:193)
org.apache.catalina.core.ApplicationFilterChain.doFilter(ApplicationFilterChain.java:166)
org.springframework.web.filter.CharacterEncodingFilter.doFilterInternal(CharacterEncodingFilter.java:200)
org.springframework.web.filter.OncePerRequestFilter.doFilter(OncePerRequestFilter.java:118)
org.apache.catalina.core.ApplicationFilterChain.internalDoFilter(ApplicationFilterChain.java:193)
org.apache.catalina.core.ApplicationFilterChain.doFilter(ApplicationFilterChain.java:166)
org.apache.catalina.core.StandardWrapperValve.invoke(StandardWrapperValve.java:202)
org.apache.catalina.core.StandardContextValve.invoke(StandardContextValve.java:96)
org.apache.catalina.authenticator.AuthenticatorBase.invoke(AuthenticatorBase.java:526)
org.apache.catalina.core.StandardHostValve.invoke(StandardHostValve.java:139)
org.apache.catalina.valves.ErrorReportValve.invoke(ErrorReportValve.java:92)
org.apache.catalina.core.StandardEngineValve.invoke(StandardEngineValve.java:74)
org.apache.catalina.connector.CoyoteAdapter.service(CoyoteAdapter.java:343)
org.apache.coyote.http11.Http11Processor.service(Http11Processor.java:408)
org.apache.coyote.AbstractProcessorLight.process(AbstractProcessorLight.java:66)
org.apache.coyote.AbstractProtocol$ConnectionHandler.process(AbstractProtocol.java:860)
org.apache.tomcat.util.net.NioEndpoint$SocketProcessor.doRun(NioEndpoint.java:1587)
org.apache.tomcat.util.net.SocketProcessorBase.run(SocketProcessorBase.java:49)
java.base/java.util.concurrent.ThreadPoolExecutor.runWorker(ThreadPoolExecutor.java:1130)
java.base/java.util.concurrent.ThreadPoolExecutor$Worker.run(ThreadPoolExecutor.java:630)
org.apache.tomcat.util.threads.TaskThread$WrappingRunnable.run(TaskThread.java:61)
java.base/java.lang.Thread.run(Thread.java:832)
